
[vrtxkeys - epiz_26313655@ftpupload.net - FileZilla] - GMT-3: 21/07/2020 17:54:07
[F5][⊞ Win]r
[Executar] - GMT-3: 21/07/2020 17:54:18


[] - GMT-3: 21/07/2020 17:54:19

[C:\Users\gui-s\AppData\Local\Temp\DC536012BCEA_DESKTOP-VR6FJ0F.log - Notepad++] - GMT-3: 21/07/2020 17:54:26
w
[Temp] - GMT-3: 21/07/2020 17:54:31
[⊞ Win]r
[Executar] - GMT-3: 21/07/2020 17:54:32
currea[⟵ ][⟵ ][⟵ ]
[C# Tutorial - How to make an Application auto run on Windows startup | FoxLearn - YouTube e mais 7 páginas - Pessoal — Microsoft​ Edge] - GMT-3: 21/07/2020 17:54:52
lll j  [⊞ Win]
[Cortana] - GMT-3: 21/07/2020 17:55:01
reged

[] - GMT-3: 21/07/2020 17:57:08

[C# Tutorial - How to make an Application auto run on Windows startup | FoxLearn - YouTube e mais 7 páginas - Pessoal — Microsoft​ Edge] - GMT-3: 21/07/2020 17:57:10
llj j  l 
[#waifus - Discord] - GMT-3: 21/07/2020 18:33:08
>wa
>tu
>wa
>wa
>wa
>wa
>wa
>wa
>wa
>wa
>w[⟵ ][⟵ ][⟵ ]>wa
>wa
>wa
>wa
>wa
>wa
>wa
>wa
>
[#waifus — [InPrivate] — Microsoft​ Edge] - GMT-3: 21/07/2020 18:33:47
>wa
>wa
>wa
>wa
>wa
>wa
>wa
>wa
>wa
>wa
>wa
>wa
>wa
>wa

[C# Tutorial - How to make an Application auto run on Windows startup | FoxLearn - YouTube e mais 7 páginas - Pessoal — Microsoft​ Edge] - GMT-3: 21/07/2020 18:34:17
cv

[vrtx-keys (Em Execução) - Microsoft Visual Studio] - GMT-3: 21/07/2020 18:34:58
[⊞ Win]
[Cortana] - GMT-3: 21/07/2020 18:35:00
[⊞ Win]r
[Executar] - GMT-3: 21/07/2020 18:35:00


[] - GMT-3: 21/07/2020 18:35:01

[#waifus - Discord] - GMT-3: 21/07/2020 18:35:11
ddsdsdjsdisd
[Recarregar] - GMT-3: 21/07/2020 18:35:13
w
[#waifus - Discord] - GMT-3: 21/07/2020 18:55:32
[⟵ ]wa
>wa
>tu
>wa
>wa
>wa
>wa
>wa
>wa
>wa
>wa
>wa
>wa
>wa
>wa
>wa
>wa
>wa
>wa

[#waifus — [InPrivate] — Microsoft​ Edge] - GMT-3: 21/07/2020 18:56:01
>wa
>>wa
>wa
>wa
>wa
>wa
>wa
>wa
>wa
>wa
>wa
>wa
>wa
>wa
>wa

[vrtxkeys - epiz_26313655@ftpupload.net - FileZilla] - GMT-3: 21/07/2020 18:56:33
[F5]