ALLUSERSPROFILE=C:\ProgramData
APPDATA=C:\Users\gui-s\AppData\Roaming
CommonProgramFiles=C:\Program Files (x86)\Common Files
CommonProgramFiles(x86)=C:\Program Files (x86)\Common Files
CommonProgramW6432=C:\Program Files\Common Files
COMPUTERNAME=DESKTOP-VR6FJ0F
ComSpec=C:\WINDOWS\system32\cmd.exe
DriverData=C:\Windows\System32\Drivers\DriverData
filepath="C:\Users\gui-s\AppData\Local\Temp\sys_data_capture.log"
HOMEDRIVE=C:
HOMEPATH=\Users\gui-s
LOCALAPPDATA=C:\Users\gui-s\AppData\Local
LOGONSERVER=\\DESKTOP-VR6FJ0F
NUMBER_OF_PROCESSORS=4
OneDrive=C:\Users\gui-s\OneDrive
OneDriveConsumer=C:\Users\gui-s\OneDrive
OS=Windows_NT
Path=C:\Program Files (x86)\Common Files\Oracle\Java\javapath;C:\Program Files (x86)\Intel\iCLS Client\;C:\Program Files\Intel\iCLS Client\;C:\WINDOWS\system32;C:\WINDOWS;C:\WINDOWS\System32\Wbem;C:\WINDOWS\System32\WindowsPowerShell\v1.0\;C:\Program Files (x86)\Intel\Intel(R) Management Engine Components\DAL;C:\Program Files\Intel\Intel(R) Management Engine Components\DAL;C:\Program Files (x86)\Intel\Intel(R) Management Engine Components\IPT;C:\Program Files\Intel\Intel(R) Management Engine Components\IPT;c:\Program Files (x86)\ATI Technologies\ATI.ACE\Core-Static;C:\WINDOWS\System32\OpenSSH\;C:\Program Files\Git\cmd;C:\Program Files\dotnet\;C:\Program Files\Microsoft SQL Server\130\Tools\Binn\;C:\Program Files\Microsoft SQL Server\Client SDK\ODBC\170\Tools\Binn\;C:\Program Files\Intel\WiFi\bin\;C:\Program Files\Common Files\Intel\WirelessCommon\;C:\Users\gui-s\AppData\Local\Microsoft\WindowsApps;;C:\Users\gui-s\AppData\Local\Programs\Microsoft VS Code\bin
PATHEXT=.COM;.EXE;.BAT;.CMD;.VBS;.VBE;.JS;.JSE;.WSF;.WSH;.MSC
PROCESSOR_ARCHITECTURE=x86
PROCESSOR_ARCHITEW6432=AMD64
PROCESSOR_IDENTIFIER=Intel64 Family 6 Model 61 Stepping 4, GenuineIntel
PROCESSOR_LEVEL=6
PROCESSOR_REVISION=3d04
ProgramData=C:\ProgramData
ProgramFiles=C:\Program Files (x86)
ProgramFiles(x86)=C:\Program Files (x86)
ProgramW6432=C:\Program Files
PROMPT=$P$G
PSModulePath=C:\WINDOWS\system32\WindowsPowerShell\v1.0\Modules\;C:\Program Files\WindowsPowerShell\Modules;C:\WINDOWS\system32\WindowsPowerShell\v1.0\Modules
PUBLIC=C:\Users\Public
SESSIONNAME=Console
SynaProgDir=Synaptics\SynTP
SystemDrive=C:
SystemRoot=C:\WINDOWS
TEMP=C:\Users\gui-s\AppData\Local\Temp
TMP=C:\Users\gui-s\AppData\Local\Temp
UOIPME_REG_PATH=C:\Program Files\Intel Corporation\USB over IP
USERDOMAIN=DESKTOP-VR6FJ0F
USERDOMAIN_ROAMINGPROFILE=DESKTOP-VR6FJ0F
USERNAME=gui-s
USERPROFILE=C:\Users\gui-s
windir=C:\WINDOWS
User Profile: C:\Users\gui-s 
System Root: C:\WINDOWS 
Computer Name: DESKTOP-VR6FJ0F 
Username: gui-s 

Nome do host:                              DESKTOP-VR6FJ0F
Nome do sistema operacional:               Microsoft Windows 10 Home Single Language
Vers∆o do sistema operacional:             10.0.18363 N/A compilaá∆o 18363
Fabricante do sistema operacional:         Microsoft Corporation
Configuraá∆o do SO:                        Estaá∆o de trabalho autìnoma
Tipo de compilaá∆o do sistema operacional: Multiprocessor Free
Propriet†rio registrado:                   gui-scoob1@hotmail.com
Organizaá∆o registrada:                    N/A
Identificaá∆o do produto:                  00342-41307-85324-AAOEM
Data da instalaá∆o original:               18/06/2020, 05:04:10
Tempo de Inicializaá∆o do Sistema:         15/07/2020, 22:22:35
Fabricante do sistema:                     Dell Inc.
Modelo do sistema:                         Inspiron 5448
Tipo de sistema:                           x64-based PC
Processador(es):                           1 processador(es) instalado(s).
                                           [01]: Intel64 Family 6 Model 61 Stepping 4 GenuineIntel ~2401 Mhz
Vers∆o do BIOS:                            Dell Inc. A10, 28/05/2019
Pasta do Windows:                          C:\WINDOWS
Pasta do sistema:                          C:\WINDOWS\system32
Inicializar dispositivo:                   \Device\HarddiskVolume1
Localidade do sistema:                     pt-br;Portuguàs (Brasil)
Localidade de entrada:                     pt-br;Portuguàs (Brasil)
Fuso hor†rio:                              (UTC-03:00) Bras°lia
Mem¢ria f°sica total:                      8.106 MB
Mem¢ria f°sica dispon°vel:                 2.345 MB
Mem¢ria Virtual: Tamanho M†ximo:           13.994 MB
Mem¢ria Virtual: Dispon°vel:               5.756 MB
Mem¢ria Virtual: Em Uso:                   8.238 MB
Local(is) de arquivo de paginaá∆o:         C:\pagefile.sys
Dom°nio:                                   WORKGROUP
Servidor de Logon:                         \\DESKTOP-VR6FJ0F
Hotfix(es):                                14 hotfix(es) instalado(s).
                                           [01]: KB4552931
                                           [02]: KB4515383
                                           [03]: KB4516115
                                           [04]: KB4517245
                                           [05]: KB4520390
                                           [06]: KB4521863
                                           [07]: KB4524569
                                           [08]: KB4528759
                                           [09]: KB4538674
                                           [10]: KB4541338
                                           [11]: KB4552152
                                           [12]: KB4560959
                                           [13]: KB4561600
                                           [14]: KB4560960
Placa(s) de Rede:                          2 NIC(s) instalado(s).
                                           [01]: Realtek PCIe FE Family Controller
                                                 Nome da conex∆o: Ethernet
                                                 Status:          M°dia desconectada
                                           [02]: Intel(R) Dual Band Wireless-AC 7265
                                                 Nome da conex∆o: Wi-Fi
                                                 DHCP ativado:    Sim
                                                 Servidor DHCP:   192.168.0.1
                                                 Endereáo(es) IP
                                                 [01]: 192.168.0.108
                                                 [02]: fe80::7ddc:1ae3:399e:913f
                                                 [03]: 2804:43cc:8072:9200:1542:43c1:2400:2e05
                                                 [04]: 2804:43cc:8072:9200:7ddc:1ae3:399e:913f
Requisitos do Hyper-V:                     Extens∆o de Modo de Monitor VM: Sim
                                           Virtualizaá∆o Habilitada no Firmware: Sim
                                           Convers∆o de Endereáos de Segundo N°vel: Sim
                                           Prevená∆o de Execuá∆o de Dados Dispon°vel: Sim

Configuraá∆o de IP do Windows

   Nome do host. . . . . . . . . . . . . . . . : DESKTOP-VR6FJ0F
   Sufixo DNS prim†rio . . . . . . . . . . . . : 
   Tipo de n¢. . . . . . . . . . . . . . . . . : h°brido
   Roteamento de IP ativado. . . . . . . . . . : n∆o
   Proxy WINS ativado. . . . . . . . . . . . . : n∆o
   Lista de pesquisa de sufixo DNS . . . . . . : dlinkrouter

Adaptador Ethernet Ethernet:

   Estado da m°dia. . . . . . . . . . . . . .  : m°dia desconectada
   Sufixo DNS espec°fico de conex∆o. . . . . . : 
   Descriá∆o . . . . . . . . . . . . . . . . . : Realtek PCIe FE Family Controller
   Endereáo F°sico . . . . . . . . . . . . . . : 1C-39-47-52-2A-BB
   DHCP Habilitado . . . . . . . . . . . . . . : Sim
   Configuraá∆o Autom†tica Habilitada. . . . . : Sim

Adaptador de Rede sem Fio Conex∆o Local* 1:

   Estado da m°dia. . . . . . . . . . . . . .  : m°dia desconectada
   Sufixo DNS espec°fico de conex∆o. . . . . . : 
   Descriá∆o . . . . . . . . . . . . . . . . . : Microsoft Wi-Fi Direct Virtual Adapter
   Endereáo F°sico . . . . . . . . . . . . . . : DC-53-60-12-BC-EB
   DHCP Habilitado . . . . . . . . . . . . . . : Sim
   Configuraá∆o Autom†tica Habilitada. . . . . : Sim

Adaptador de Rede sem Fio Conex∆o Local* 2:

   Estado da m°dia. . . . . . . . . . . . . .  : m°dia desconectada
   Sufixo DNS espec°fico de conex∆o. . . . . . : 
   Descriá∆o . . . . . . . . . . . . . . . . . : Microsoft Wi-Fi Direct Virtual Adapter #2
   Endereáo F°sico . . . . . . . . . . . . . . : DE-53-60-12-BC-EA
   DHCP Habilitado . . . . . . . . . . . . . . : Sim
   Configuraá∆o Autom†tica Habilitada. . . . . : Sim

Adaptador de Rede sem Fio Wi-Fi:

   Sufixo DNS espec°fico de conex∆o. . . . . . : dlinkrouter
   Descriá∆o . . . . . . . . . . . . . . . . . : Intel(R) Dual Band Wireless-AC 7265
   Endereáo F°sico . . . . . . . . . . . . . . : DC-53-60-12-BC-EA
   DHCP Habilitado . . . . . . . . . . . . . . : Sim
   Configuraá∆o Autom†tica Habilitada. . . . . : Sim
   Endereáo IPv6 . . . . . . . . . . : 2804:43cc:8072:9200:7ddc:1ae3:399e:913f(Preferencial) 
   Endereáo IPv6 Tempor†rio. . . . . . . . : 2804:43cc:8072:9200:1542:43c1:2400:2e05(Preferencial) 
   Endereáo IPv6 de link local . . . . . . . . : fe80::7ddc:1ae3:399e:913f%10(Preferencial) 
   Endereáo IPv4. . . . . . . .  . . . . . . . : 192.168.0.108(Preferencial) 
   M†scara de Sub-rede . . . . . . . . . . . . : 255.255.255.0
   Concess∆o Obtida. . . . . . . . . . . . . . : segunda-feira, 20 de julho de 2020 21:19:21
   Concess∆o Expira. . . . . . . . . . . . . . : quinta-feira, 23 de julho de 2020 14:43:08
   Gateway Padr∆o. . . . . . . . . . . . . . . : fe80::1000%10
                                                 192.168.0.1
   Servidor DHCP . . . . . . . . . . . . . . . : 192.168.0.1
   IAID de DHCPv6. . . . . . . . . . . . . . . : 148656992
   DUID de Cliente DHCPv6. . . . . . . . . . . : 00-01-00-01-1D-C3-83-95-1C-39-47-52-2A-BB
   Servidores DNS. . . . . . . . . . . . . . . : 2001:4860:4860::8888
                                                 2606:4700:4700::1111
                                                 192.168.0.1
   NetBIOS em Tcpip. . . . . . . . . . . . . . : Habilitado
45.70.227.117


Contas de usu†rio para \\DESKTOP-VR6FJ0F

-------------------------------------------------------------------------------
Administrador            Convidado                DefaultAccount           
gui-s                    WDAGUtilityAccount       
Comando conclu°do com àxito.

Nome de usu†rio                     gui-s
Nome completo                       Guilherme brante
Coment†rio                          
Coment†rio do usu†rio               
C¢digo do pa°s/regi∆o               000 (Padr∆o do sistema)
Conta ativa                         Sim
Conta expira em                     Nunca

Èltima definiá∆o de senha           ?17/?06/?2020 22:09:31
A senha expira                      Nunca
Alteraá∆o de senha                  ?17/?06/?2020 22:09:31
Senha requerida                     Sim
O usu†rio pode alterar a senha      Sim

Estaá‰es de trabalho permitidas     Todos
Script de logon                     
Perfil do usu†rio                   
Pasta base                          
Èltimo logon                        Nunca

Hor†rio de logon permitido          Todos

Associaá‰es de Grupo Local          *Administradores      
                                    *Usu†rios             
                                    *Usu†rios de log de de
Associaá‰es de Grupo Global         *None                 
Comando conclu°do com àxito.

 O volume na unidade C Ç OS
 O N£mero de SÇrie do Volume Ç D2D4-3EA0

 Pasta de C:\Users\gui-s\Documents

20/07/2020  02:14    <DIR>          .
20/07/2020  02:14    <DIR>          ..
08/07/2020  19:50           596.338 .RData
10/07/2020  15:44            19.264 .Rhistory
17/06/2020  22:46    <DIR>          Aleat¢rios
17/06/2020  22:46    <DIR>          DeMolay
25/06/2020  16:53    <DIR>          IISExpress
28/06/2020  01:06    <DIR>          My Games
25/06/2020  16:53    <DIR>          My Web Sites
25/06/2020  16:02    <DIR>          Overwatch
19/06/2020  21:00    <DIR>          Python Scripts
26/06/2020  16:59    <DIR>          R
18/06/2020  17:08    <DIR>          Rockstar Games
25/06/2020  20:55    <DIR>          Visual Studio 2019
               2 arquivo(s)        615.602 bytes
              12 pasta(s)   668.747.608.064 bytes dispon°veis
 O volume na unidade C Ç OS
 O N£mero de SÇrie do Volume Ç D2D4-3EA0

 Pasta de C:\Users\gui-s\Videos

17/06/2020  22:38    <DIR>          .
17/06/2020  22:38    <DIR>          ..
17/06/2020  22:37    <DIR>          Captures
17/06/2020  22:37    <DIR>          Edits
17/06/2020  22:44    <DIR>          Intros
               0 arquivo(s)              0 bytes
               5 pasta(s)   668.747.608.064 bytes dispon°veis
 O volume na unidade C Ç OS
 O N£mero de SÇrie do Volume Ç D2D4-3EA0

 Pasta de C:\Users\gui-s\Pictures

17/06/2020  22:42    <DIR>          .
17/06/2020  22:42    <DIR>          ..
15/09/2019  12:31           244.410 1.jpg
17/06/2020  22:41    <DIR>          100MSDCF
15/09/2019  12:33           139.320 2.jpg
04/03/2020  14:07            56.103 AtestadoMatricula.pdf
17/06/2020  22:13    <DIR>          Camera Roll
17/06/2020  22:41    <DIR>          card†pio gabi
19/03/2019  12:07           959.427 Certificado CODE Brante.jpg
19/03/2019  12:07           960.498 Certificado CODE Lucca.jpg
14/03/2020  19:40            95.399 Comprovante.jpeg
19/03/2019  18:33         2.969.761 falha catastrofica.png
04/03/2020  15:39           109.611 foto.jpeg
17/06/2020  22:42    <DIR>          jojoba
19/02/2019  22:22           696.414 kkkkkkkk.png
17/06/2020  22:42    <DIR>          Logos
17/06/2020  22:42    <DIR>          pp
04/03/2020  14:22           588.385 RG frente e verso.pdf
17/06/2020  22:13    <DIR>          Saved Pictures
17/06/2020  22:42    <DIR>          stickers
17/06/2020  22:42    <DIR>          tatto
07/10/2017  17:56           113.607 Torre - Iniciante.jpg
07/10/2017  17:56           113.069 Torre - Mediana.jpg
07/10/2017  17:56           113.019 Torre - Veterana.jpg
23/11/2018  21:04    <DIR>          Uplay
17/06/2020  22:42    <DIR>          wpp
              13 arquivo(s)      7.159.023 bytes
              13 pasta(s)   668.747.608.064 bytes dispon°veis
 O volume na unidade C Ç OS
 O N£mero de SÇrie do Volume Ç D2D4-3EA0

 Pasta de C:\Users\gui-s\Music

26/06/2020  16:21    <DIR>          .
26/06/2020  16:21    <DIR>          ..
17/06/2020  22:43    <DIR>          Eletronica
17/06/2020  22:46    <DIR>          kkk
26/06/2020  16:21        40.440.195 Yung Buda YAMA ARASHI (µlbum Completo).mp3
               1 arquivo(s)     40.440.195 bytes
               4 pasta(s)   668.747.608.064 bytes dispon°veis
 O volume na unidade C Ç OS
 O N£mero de SÇrie do Volume Ç D2D4-3EA0

 Pasta de C:\Users\gui-s\Desktop

22/07/2020  15:25    <DIR>          .
22/07/2020  15:25    <DIR>          ..
18/06/2020  04:47               298 Grand Theft Auto V.url
04/07/2020  17:23            13.818 key.cs
16/07/2020  16:57    <DIR>          Keylogger-master
04/07/2020  17:45             2.512 keylogger_in_c#.cs
22/07/2020  15:26        19.763.200 node-v12.18.3-x64.msi
02/07/2020  14:53    <DIR>          OopsMyKeyboard-master
02/07/2020  14:49            10.513 OopsMyKeyboard-master.zip
17/06/2020  22:44    <DIR>          pendrive backup
21/07/2020  21:55           329.482 programalegal.rar
17/06/2020  22:45    <DIR>          reBuild
21/07/2020  21:45    <DIR>          teste
25/06/2020  16:36             1.797 Visual Studio 2019.lnk
17/06/2020  23:11             1.416 Visual Studio Code.lnk
17/06/2020  22:46    <DIR>          Web
17/06/2020  22:37             2.693 YouTube Music.lnk
               9 arquivo(s)     20.125.729 bytes
               8 pasta(s)   668.747.608.064 bytes dispon°veis
